This is pdfTeX, Version 3.1415926-2.5-1.40.14 (TeX Live 2013/Debian) (format=pdflatex 2015.11.17)  17 NOV 2015 19:56
entering extended mode
 restricted \write18 enabled.
 %&-line parsing enabled.
**minimicro2.tex
(./minimicro2.tex
LaTeX2e <2011/06/27>
Babel <3.9h> and hyphenation patterns for 2 languages loaded.
(/usr/share/texlive/texmf-dist/tex/latex/base/article.cls
Document Class: article 2007/10/19 v1.4h Standard LaTeX document class
(/usr/share/texlive/texmf-dist/tex/latex/base/size12.clo
File: size12.clo 2007/10/19 v1.4h Standard LaTeX file (size option)
)
\c@part=\count79
\c@section=\count80
\c@subsection=\count81
\c@subsubsection=\count82
\c@paragraph=\count83
\c@subparagraph=\count84
\c@figure=\count85
\c@table=\count86
\abovecaptionskip=\skip41
\belowcaptionskip=\skip42
\bibindent=\dimen102
)
(/usr/share/texlive/texmf-dist/tex/latex/tools/longtable.sty
Package: longtable 2004/02/01 v4.11 Multi-page Table package (DPC)
\LTleft=\skip43
\LTright=\skip44
\LTpre=\skip45
\LTpost=\skip46
\LTchunksize=\count87
\LTcapwidth=\dimen103
\LT@head=\box26
\LT@firsthead=\box27
\LT@foot=\box28
\LT@lastfoot=\box29
\LT@cols=\count88
\LT@rows=\count89
\c@LT@tables=\count90
\c@LT@chunks=\count91
\LT@p@ftn=\toks14
)
(/usr/share/texlive/texmf-dist/tex/latex/listings/listings.sty
(/usr/share/texlive/texmf-dist/tex/latex/graphics/keyval.sty
Package: keyval 1999/03/16 v1.13 key=value parser (DPC)
\KV@toks@=\toks15
)
\lst@mode=\count92
\lst@gtempboxa=\box30
\lst@token=\toks16
\lst@length=\count93
\lst@currlwidth=\dimen104
\lst@column=\count94
\lst@pos=\count95
\lst@lostspace=\dimen105
\lst@width=\dimen106
\lst@newlines=\count96
\lst@lineno=\count97
\lst@maxwidth=\dimen107

(/usr/share/texlive/texmf-dist/tex/latex/listings/lstmisc.sty
File: lstmisc.sty 2013/08/26 1.5b (Carsten Heinz)
\c@lstnumber=\count98
\lst@skipnumbers=\count99
\lst@framebox=\box31
)
(/usr/share/texlive/texmf-dist/tex/latex/listings/listings.cfg
File: listings.cfg 2013/08/26 1.5b listings configuration
))
Package: listings 2013/08/26 1.5b (Carsten Heinz)

(./minimicro2.aux)
\openout1 = `minimicro2.aux'.

LaTeX Font Info:    Checking defaults for OML/cmm/m/it on input line 6.
LaTeX Font Info:    ... okay on input line 6.
LaTeX Font Info:    Checking defaults for T1/cmr/m/n on input line 6.
LaTeX Font Info:    ... okay on input line 6.
LaTeX Font Info:    Checking defaults for OT1/cmr/m/n on input line 6.
LaTeX Font Info:    ... okay on input line 6.
LaTeX Font Info:    Checking defaults for OMS/cmsy/m/n on input line 6.
LaTeX Font Info:    ... okay on input line 6.
LaTeX Font Info:    Checking defaults for OMX/cmex/m/n on input line 6.
LaTeX Font Info:    ... okay on input line 6.
LaTeX Font Info:    Checking defaults for U/cmr/m/n on input line 6.
LaTeX Font Info:    ... okay on input line 6.
\c@lstlisting=\count100
LaTeX Font Info:    External font `cmex10' loaded for size
(Font)              <14.4> on input line 10.
LaTeX Font Info:    External font `cmex10' loaded for size
(Font)              <7> on input line 10.
 [1

{/var/lib/texmf/fonts/map/pdftex/updmap/pdftex.map}]
Underfull \hbox (badness 10000) in paragraph at lines 40--41

 []

[2]
Underfull \hbox (badness 10000) in paragraph at lines 49--50

 []

[3]
Overfull \hbox (13.1472pt too wide) in paragraph at lines 64--65
\OT1/cmr/m/n/12 All for-mat 0 in-struc-tions con-sist of a sin-gle line con-tai
n-ing a low-er-case mnemonic
 []

LaTeX Font Info:    Try loading font information for OML+cmr on input line 94.
(/usr/share/texlive/texmf-dist/tex/latex/base/omlcmr.fd
File: omlcmr.fd 1999/05/25 v2.5h Standard LaTeX font definitions
)
LaTeX Font Info:    Font shape `OML/cmr/m/n' in size <12> not available
(Font)              Font shape `OML/cmm/m/it' tried instead on input line 94.
 [4]
Overfull \hbox (7.50362pt too wide) in alignment at lines 114--118
 [] [] [] [] [] [] 
 []

LaTeX Font Info:    External font `cmex10' loaded for size
(Font)              <12> on input line 137.
LaTeX Font Info:    External font `cmex10' loaded for size
(Font)              <8> on input line 137.
LaTeX Font Info:    External font `cmex10' loaded for size
(Font)              <6> on input line 137.

Overfull \hbox (6.5744pt too wide) in paragraph at lines 145--145
[]|\OT1/cmr/m/n/12 SR[31:16]=a| 
 []


Overfull \hbox (1.35223pt too wide) in paragraph at lines 146--146
[]|\OT1/cmr/m/n/12 SR[15:0]=b| 
 []


Underfull \hbox (badness 6204) in paragraph at lines 154--155
[]|\OT1/cmr/m/n/12 Read pop PC
 []


Overfull \hbox (7.50362pt too wide) in alignment at lines 118--155
 [] [] [] [] [] [] 
 []


Underfull \hbox (badness 1178) in paragraph at lines 156--157
\OT1/cmr/m/n/12 b through sub-
 []


Underfull \hbox (badness 1077) in paragraph at lines 156--157
\OT1/cmr/m/n/12 not af-fected by
 []


Underfull \hbox (badness 3989) in paragraph at lines 158--159
[]|\OT1/cmr/m/n/12 Jump to com-
 []


Underfull \hbox (badness 5274) in paragraph at lines 160--161
[]|\OT1/cmr/m/n/12 Jump if equal
 []


Underfull \hbox (badness 4242) in paragraph at lines 166--167
[]|\OT1/cmr/m/n/12 Halts pro-ces-sor
 []


Overfull \hbox (6.96606pt too wide) in paragraph at lines 172--172
[]|\OT1/cmr/m/n/12 Flags=a[7:0]| 
 []


Overfull \hbox (6.3133pt too wide) in paragraph at lines 174--174
[]|\OT1/cmr/m/n/12 c[7:0]=Flags| 
 []


Underfull \hbox (badness 5008) in paragraph at lines 174--175
[]|\OT1/cmr/m/n/12 Store pro-ces-sor
 []


Underfull \hbox (badness 1117) in paragraph at lines 176--177
[]|\OT1/cmr/m/n/12 Loads lower 15
 []


Underfull \hbox (badness 1577) in paragraph at lines 176--177
\OT1/cmr/m/n/12 bits of in-struc-
 []


Overfull \hbox (7.50362pt too wide) in alignment at lines 155--178
 [] [] [] [] [] [] 
 []

[5] [6] [7] [8] (./minimicro2.aux) ) 
Here is how much of TeX's memory you used:
 1559 strings out of 495028
 21843 string characters out of 6181496
 97321 words of memory out of 5000000
 4820 multiletter control sequences out of 15000+600000
 9155 words of font info for 32 fonts, out of 8000000 for 9000
 14 hyphenation exceptions out of 8191
 26i,6n,32p,779b,867s stack positions out of 5000i,500n,10000p,200000b,80000s
</usr/share/texlive/texmf-dist/fonts/type1/
public/amsfonts/cm/cmbx12.pfb></usr/share/texlive/texmf-dist/fonts/type1/public
/amsfonts/cm/cmmi12.pfb></usr/share/texlive/texmf-dist/fonts/type1/public/amsfo
nts/cm/cmr12.pfb></usr/share/texlive/texmf-dist/fonts/type1/public/amsfonts/cm/
cmr17.pfb></usr/share/texlive/texmf-dist/fonts/type1/public/amsfonts/cm/cmsy10.
pfb></usr/share/texlive/texmf-dist/fonts/type1/public/amsfonts/cm/cmti12.pfb>
Output written on minimicro2.pdf (8 pages, 85587 bytes).
PDF statistics:
 55 PDF objects out of 1000 (max. 8388607)
 38 compressed objects within 1 object stream
 0 named destinations out of 1000 (max. 500000)
 1 words of extra memory for PDF output out of 10000 (max. 10000000)

